<?xml version="1.0" encoding="UTF-8"?>
<testsuite xmlns:xsi="http://www.w3.org/2001/XMLSchema-instance" xsi:noNamespaceSchemaLocation="https://maven.apache.org/surefire/maven-surefire-plugin/xsd/surefire-test-report-3.0.xsd" version="3.0" name="com.depositocombustiveis.DepCombTest" time="0.514" tests="37" errors="0" skipped="0" failures="0">
  <properties>
[...]
</properties>
  <testcase name="DepComb(int, int, int, int, String)[1]" classname="com.depositocombustiveis.DepCombTest" time="0.148"/>
  <testcase name="DepComb(int, int, int, int, String)[2]" classname="com.depositocombustiveis.DepCombTest" time="0.002"/>
  <testcase name="DepComb(int, int, int, int, String)[3]" classname="com.depositocombustiveis.DepCombTest" time="0.003"/>
  <testcase name="DepComb(int, int, int, int, String)[4]" classname="com.depositocombustiveis.DepCombTest" time="0.001"/>
  <testcase name="DepComb(int, int, int, int, String)[5]" classname="com.depositocombustiveis.DepCombTest" time="0.002"/>
  <testcase name="DepComb(int, int, int, int, String)[6]" classname="com.depositocombustiveis.DepCombTest" time="0.002"/>
  <testcase name="recebeGasolina(int, int, int, int)[1]" classname="com.depositocombustiveis.DepCombTest" time="0.002"/>
  <testcase name="recebeGasolina(int, int, int, int)[2]" classname="com.depositocombustiveis.DepCombTest" time="0.001"/>
  <testcase name="recebeGasolina(int, int, int, int)[3]" classname="com.depositocombustiveis.DepCombTest" time="0.001"/>
  <testcase name="recebeGasolina(int, int, int, int)[4]" classname="com.depositocombustiveis.DepCombTest" time="0.001"/>
  <testcase name="recebeGasolina(int, int, int, int)[5]" classname="com.depositocombustiveis.DepCombTest" time="0.001"/>
  <testcase name="recebeGasolina(int, int, int, int)[6]" classname="com.depositocombustiveis.DepCombTest" time="0.002"/>
  <testcase name="recebeGasolina(int, int, int, int)[7]" classname="com.depositocombustiveis.DepCombTest" time="0.002"/>
  <testcase name="recebeGasolina(int, int, int, int)[8]" classname="com.depositocombustiveis.DepCombTest" time="0.001"/>
  <testcase name="recebeAditivo(int, int, int, int)[1]" classname="com.depositocombustiveis.DepCombTest" time="0.001"/>
  <testcase name="recebeAditivo(int, int, int, int)[2]" classname="com.depositocombustiveis.DepCombTest" time="0.001"/>
  <testcase name="recebeAditivo(int, int, int, int)[3]" classname="com.depositocombustiveis.DepCombTest" time="0.001"/>
  <testcase name="recebeAditivo(int, int, int, int)[4]" classname="com.depositocombustiveis.DepCombTest" time="0.001"/>
  <testcase name="recebeAditivo(int, int, int, int)[5]" classname="com.depositocombustiveis.DepCombTest" time="0.002"/>
  <testcase name="recebeAditivo(int, int, int, int)[6]" classname="com.depositocombustiveis.DepCombTest" time="0.001"/>
  <testcase name="encomendaCombustivel(int, int, int, int, int, String, int, int, int, int)[1]" classname="com.depositocombustiveis.DepCombTest" time="0.009"/>
  <testcase name="encomendaCombustivel(int, int, int, int, int, String, int, int, int, int)[2]" classname="com.depositocombustiveis.DepCombTest" time="0.002"/>
  <testcase name="encomendaCombustivel(int, int, int, int, int, String, int, int, int, int)[3]" classname="com.depositocombustiveis.DepCombTest" time="0.003"/>
  <testcase name="encomendaCombustivel(int, int, int, int, int, String, int, int, int, int)[4]" classname="com.depositocombustiveis.DepCombTest" time="0.002"/>
  <testcase name="encomendaCombustivel(int, int, int, int, int, String, int, int, int, int)[5]" classname="com.depositocombustiveis.DepCombTest" time="0.002"/>
  <testcase name="encomendaCombustivel(int, int, int, int, int, String, int, int, int, int)[6]" classname="com.depositocombustiveis.DepCombTest" time="0.002"/>
  <testcase name="encomendaCombustivel(int, int, int, int, int, String, int, int, int, int)[7]" classname="com.depositocombustiveis.DepCombTest" time="0.001"/>
  <testcase name="encomendaCombustivel(int, int, int, int, int, String, int, int, int, int)[8]" classname="com.depositocombustiveis.DepCombTest" time="0.002"/>
  <testcase name="encomendaCombustivel(int, int, int, int, int, String, int, int, int, int)[9]" classname="com.depositocombustiveis.DepCombTest" time="0.002"/>
  <testcase name="encomendaCombustivel(int, int, int, int, int, String, int, int, int, int)[10]" classname="com.depositocombustiveis.DepCombTest" time="0.003"/>
  <testcase name="encomendaCombustivel(int, int, int, int, int, String, int, int, int, int)[11]" classname="com.depositocombustiveis.DepCombTest" time="0.001"/>
  <testcase name="encomendaCombustivel(int, int, int, int, int, String, int, int, int, int)[12]" classname="com.depositocombustiveis.DepCombTest" time="0.001"/>
  <testcase name="recebeAlcool(int, int, int, int, int)[1]" classname="com.depositocombustiveis.DepCombTest" time="0.001"/>
  <testcase name="recebeAlcool(int, int, int, int, int)[2]" classname="com.depositocombustiveis.DepCombTest" time="0.001"/>
  <testcase name="recebeAlcool(int, int, int, int, int)[3]" classname="com.depositocombustiveis.DepCombTest" time="0.001"/>
  <testcase name="recebeAlcool(int, int, int, int, int)[4]" classname="com.depositocombustiveis.DepCombTest" time="0.001"/>
  <testcase name="recebeAlcool(int, int, int, int, int)[5]" classname="com.depositocombustiveis.DepCombTest" time="0.001"/>
</testsuite>